<?xml version="1.0" encoding="UTF-8"?>
<!-- Generated by org.testng.reporters.JUnitXMLReporter -->
<testsuite ignored="1" hostname="Santhoshs-MacBook-Air.local" failures="0" tests="4" name="Functional_Test" time="0.083" errors="0" timestamp="2020-02-11T21:04:14 EST">
  <testcase classname="Functional_Tests" name="Func_Test1" time="0.008"/>
  <testcase classname="Functional_Tests" name="Func_Test2" time="0.001"/>
  <testcase classname="Functional_Tests" name="Func_Test4" time="0.0"/>
  <testcase classname="Functional_Tests" name="Func_Test5" time="0.0"/>
  <testcase classname="Functional_Tests" name="Func_Test3" time="0.0">
    <ignored/>
  </testcase> <!-- Func_Test3 -->
</testsuite> <!-- Functional_Test -->
