<?xml version="1.0" encoding="UTF-8"?>
<!-- Generated by org.testng.reporters.JUnitXMLReporter -->
<testsuite ignored="1" hostname="Santhoshs-MacBook-Air.local" failures="0" tests="1" name="Regression_Test" time="0.002" errors="0" timestamp="2020-02-11T21:04:14 EST">
  <testcase classname="Regression_Tests" name="regressionTest2" time="0.0"/>
  <testcase classname="Regression_Tests" name="regressionTest1" time="0.0">
    <ignored/>
  </testcase> <!-- regressionTest1 -->
</testsuite> <!-- Regression_Test -->
