<?xml version="1.0" encoding="UTF-8"?>
<testsuite xmlns:xsi="http://www.w3.org/2001/XMLSchema-instance" xsi:noNamespaceSchemaLocation="https://maven.apache.org/surefire/maven-surefire-plugin/xsd/surefire-test-report-3.0.xsd" version="3.0" name="TestSuite" time="6.436" tests="5" errors="0" skipped="0" failures="0">
  <properties>
[...]
</properties>
  <testcase name="Func_Test1" classname="Functional_Tests" time="0.007"/>
  <testcase name="Func_Test2" classname="Functional_Tests" time="0"/>
  <testcase name="Func_Test4" classname="Functional_Tests" time="0"/>
  <testcase name="Func_Test5" classname="Functional_Tests" time="0"/>
  <testcase name="regressionTest2" classname="Regression_Tests" time="0"/>
</testsuite>